<?xml version="1.0" encoding="UTF-8"?>
<!-- Generated by org.testng.reporters.JUnitXMLReporter -->
<testsuite hostname="LAPTOP-H0V72KCH" ignored="0" name="test2" tests="3" failures="0" timestamp="08 Feb 2021 04:42:01 GMT" time="0.084" errors="0">
  <testcase name="test5" time="0.02" classname="org.testng.parallel.Example2"/>
  <testcase name="test6" time="0.005" classname="org.testng.parallel.Example2"/>
  <testcase name="test7" time="0.002" classname="org.testng.parallel.Example2"/>
</testsuite> <!-- test2 -->
