<?xml version="1.0" encoding="UTF-8"?>
<testng-results skipped="0" failed="0" ignored="0" total="1" passed="1">
  <reporter-output>
  </reporter-output>
  <suite name="Default suite" duration-ms="16303" started-at="2021-03-14T07:09:56Z" finished-at="2021-03-14T07:10:12Z">
    <groups>
    </groups>
    <test name="Default test" duration-ms="16303" started-at="2021-03-14T07:09:56Z" finished-at="2021-03-14T07:10:12Z">
      <class name="org.adactin.execution.AdactinExection">
        <test-method status="PASS" signature="test1()[pri:0, instance:org.adactin.execution.AdactinExection@5e5792a0]" name="test1" duration-ms="16243" started-at="2021-03-14T07:09:56Z" finished-at="2021-03-14T07:10:12Z">
          <reporter-output>
          </reporter-output>
        </test-method> <!-- test1 -->
      </class> <!-- org.adactin.execution.AdactinExection -->
    </test> <!-- Default test -->
  </suite> <!-- Default suite -->
</testng-results>
